2024-05-23 14:30:21.188 [info] ログ レベル: Info
2024-05-23 14:30:21.188 [info] Git の検証が検出されました: "git"
2024-05-23 14:30:21.188 [info] "git" から Git "2.34.1" を使用しています
2024-05-23 14:30:21.188 [info] > git rev-parse --show-toplevel [5ms]
2024-05-23 14:30:21.188 [info] > git rev-parse --git-dir --git-common-dir [8ms]
2024-05-23 14:30:21.188 [info] Open repository: /home/tenda
2024-05-23 14:30:21.188 [info] > git rev-parse --show-toplevel [16ms]
2024-05-23 14:30:21.188 [info] > git config --get commit.template [24ms]
2024-05-23 14:30:21.208 [info] > git rev-parse --show-toplevel [13ms]
2024-05-23 14:30:21.209 [info] > git for-each-ref --format=%(refname)%00%(upstream:short)%00%(objectname)%00%(upstream:track)%00%(upstream:remotename)%00%(upstream:remoteref) refs/heads/main refs/remotes/main [3ms]
2024-05-23 14:30:21.231 [info] > git status -z -uall [15ms]
2024-05-23 14:30:21.231 [info] > git rev-parse --show-toplevel [10ms]
2024-05-23 14:30:21.257 [info] > git config --get commit.template [7ms]
2024-05-23 14:30:21.257 [info] > git rev-parse --show-toplevel [13ms]
2024-05-23 14:30:21.271 [info] > git for-each-ref --format=%(refname)%00%(upstream:short)%00%(objectname)%00%(upstream:track)%00%(upstream:remotename)%00%(upstream:remoteref) refs/heads/main refs/remotes/main [3ms]
2024-05-23 14:30:21.279 [info] > git rev-parse --show-toplevel [16ms]
2024-05-23 14:30:21.347 [info] > git status -z -uall [69ms]
2024-05-23 14:30:21.352 [info] > git rev-parse --show-toplevel [9ms]
2024-05-23 14:30:21.361 [info] > git rev-parse --show-toplevel [2ms]
2024-05-23 14:30:21.370 [info] > git rev-parse --show-toplevel [1ms]
2024-05-23 14:30:21.557 [info] > git show --textconv :test-project/resources/views/auth/register.blade.php [26ms]
2024-05-23 14:30:21.557 [info] > git show --textconv :test-project/routes/auth.php [20ms]
2024-05-23 14:30:21.558 [info] > git ls-files --stage -- /home/tenda/test-project/resources/views/auth/register.blade.php [11ms]
2024-05-23 14:30:21.568 [info] > git cat-file -s 25acc32da0ebb3c11e0269a8728a51783c6adab5 [3ms]
2024-05-23 14:30:21.569 [info] > git ls-files --stage -- /home/tenda/test-project/routes/auth.php [14ms]
2024-05-23 14:30:21.590 [info] > git cat-file -s 1040b5174d0f0a0b8910fd85e2f4dd6836c13078 [12ms]
2024-05-23 14:30:21.591 [info] > git for-each-ref --format=%(refname)%00%(upstream:short)%00%(objectname)%00%(upstream:track)%00%(upstream:remotename)%00%(upstream:remoteref) refs/heads/main [3ms]
2024-05-23 14:30:21.604 [info] > git for-each-ref --format=%(refname)%00%(upstream:short)%00%(objectname)%00%(upstream:track)%00%(upstream:remotename)%00%(upstream:remoteref) refs/heads/main [2ms]
2024-05-23 14:30:21.616 [info] > git config --local branch.main.vscode-merge-base [1ms]
2024-05-23 14:30:21.616 [warning] git config failed: Failed to execute git
2024-05-23 14:30:21.627 [info] > git reflog refs/heads/main --grep-reflog=branch: Created from *. [2ms]
2024-05-23 14:30:21.636 [info] > git symbolic-ref --short refs/remotes/origin/HEAD [1ms]
2024-05-23 14:30:21.636 [info] fatal: ref refs/remotes/origin/HEAD is not a symbolic ref
2024-05-23 14:30:21.636 [info] GitHistoryProvider:resolveHistoryItemGroupBase - Failed to resolve history item group base for 'refs/heads/main'
2024-05-23 14:30:21.636 [info] GitHistoryProvider:resolveHistoryItemGroupCommonAncestor - Failed to resolve history item group base for 'refs/heads/main'
2024-05-23 14:30:21.713 [info] > git check-ignore -v -z --stdin [3ms]
2024-05-23 14:30:21.900 [info] > git for-each-ref --format=%(refname)%00%(upstream:short)%00%(objectname)%00%(upstream:track)%00%(upstream:remotename)%00%(upstream:remoteref) refs/heads/main [15ms]
2024-05-23 14:30:21.910 [info] > git for-each-ref --format=%(refname)%00%(upstream:short)%00%(objectname)%00%(upstream:track)%00%(upstream:remotename)%00%(upstream:remoteref) refs/heads/main [2ms]
2024-05-23 14:30:21.918 [info] > git config --local branch.main.vscode-merge-base [1ms]
2024-05-23 14:30:21.918 [warning] git config failed: Failed to execute git
2024-05-23 14:30:21.924 [info] > git reflog refs/heads/main --grep-reflog=branch: Created from *. [1ms]
2024-05-23 14:30:21.931 [info] > git symbolic-ref --short refs/remotes/origin/HEAD [1ms]
2024-05-23 14:30:21.931 [info] fatal: ref refs/remotes/origin/HEAD is not a symbolic ref
2024-05-23 14:30:21.931 [info] GitHistoryProvider:resolveHistoryItemGroupBase - Failed to resolve history item group base for 'refs/heads/main'
2024-05-23 14:30:21.931 [info] GitHistoryProvider:resolveHistoryItemGroupCommonAncestor - Failed to resolve history item group base for 'refs/heads/main'
2024-05-23 14:30:22.397 [info] > git check-ignore -v -z --stdin [2ms]
2024-05-23 14:30:22.503 [info] > git for-each-ref --format=%(refname)%00%(upstream:short)%00%(objectname)%00%(upstream:track)%00%(upstream:remotename)%00%(upstream:remoteref) refs/heads/main [5ms]
2024-05-23 14:30:22.511 [info] > git for-each-ref --format=%(refname)%00%(upstream:short)%00%(objectname)%00%(upstream:track)%00%(upstream:remotename)%00%(upstream:remoteref) refs/heads/main [1ms]
2024-05-23 14:30:22.519 [info] > git config --local branch.main.vscode-merge-base [1ms]
2024-05-23 14:30:22.519 [warning] git config failed: Failed to execute git
2024-05-23 14:30:22.527 [info] > git reflog refs/heads/main --grep-reflog=branch: Created from *. [1ms]
2024-05-23 14:30:22.536 [info] > git symbolic-ref --short refs/remotes/origin/HEAD [2ms]
2024-05-23 14:30:22.536 [info] fatal: ref refs/remotes/origin/HEAD is not a symbolic ref
2024-05-23 14:30:22.536 [info] GitHistoryProvider:resolveHistoryItemGroupBase - Failed to resolve history item group base for 'refs/heads/main'
2024-05-23 14:30:22.536 [info] GitHistoryProvider:resolveHistoryItemGroupCommonAncestor - Failed to resolve history item group base for 'refs/heads/main'
2024-05-23 14:30:28.838 [info] > git config --get commit.template [2ms]
2024-05-23 14:30:28.844 [info] > git for-each-ref --format=%(refname)%00%(upstream:short)%00%(objectname)%00%(upstream:track)%00%(upstream:remotename)%00%(upstream:remoteref) refs/heads/main refs/remotes/main [1ms]
2024-05-23 14:30:28.855 [info] > git status -z -uall [7ms]
2024-05-23 14:30:28.866 [info] > git for-each-ref --format=%(refname)%00%(upstream:short)%00%(objectname)%00%(upstream:track)%00%(upstream:remotename)%00%(upstream:remoteref) refs/heads/main [1ms]
2024-05-23 14:30:28.872 [info] > git for-each-ref --format=%(refname)%00%(upstream:short)%00%(objectname)%00%(upstream:track)%00%(upstream:remotename)%00%(upstream:remoteref) refs/heads/main [1ms]
2024-05-23 14:30:28.877 [info] > git config --local branch.main.vscode-merge-base [1ms]
2024-05-23 14:30:28.877 [warning] git config failed: Failed to execute git
2024-05-23 14:30:28.883 [info] > git reflog refs/heads/main --grep-reflog=branch: Created from *. [0ms]
2024-05-23 14:30:28.887 [info] > git symbolic-ref --short refs/remotes/origin/HEAD [1ms]
2024-05-23 14:30:28.887 [info] fatal: ref refs/remotes/origin/HEAD is not a symbolic ref
2024-05-23 14:30:28.887 [info] GitHistoryProvider:resolveHistoryItemGroupBase - Failed to resolve history item group base for 'refs/heads/main'
2024-05-23 14:30:28.887 [info] GitHistoryProvider:resolveHistoryItemGroupCommonAncestor - Failed to resolve history item group base for 'refs/heads/main'
2024-05-23 14:30:28.971 [info] > git for-each-ref --format=%(refname)%00%(upstream:short)%00%(objectname)%00%(upstream:track)%00%(upstream:remotename)%00%(upstream:remoteref) refs/heads/main [1ms]
2024-05-23 14:30:28.976 [info] > git for-each-ref --format=%(refname)%00%(upstream:short)%00%(objectname)%00%(upstream:track)%00%(upstream:remotename)%00%(upstream:remoteref) refs/heads/main [0ms]
2024-05-23 14:30:28.982 [info] > git config --local branch.main.vscode-merge-base [1ms]
2024-05-23 14:30:28.982 [warning] git config failed: Failed to execute git
2024-05-23 14:30:28.988 [info] > git reflog refs/heads/main --grep-reflog=branch: Created from *. [1ms]
2024-05-23 14:30:28.992 [info] > git symbolic-ref --short refs/remotes/origin/HEAD [1ms]
2024-05-23 14:30:28.992 [info] fatal: ref refs/remotes/origin/HEAD is not a symbolic ref
2024-05-23 14:30:28.992 [info] GitHistoryProvider:resolveHistoryItemGroupBase - Failed to resolve history item group base for 'refs/heads/main'
2024-05-23 14:30:28.992 [info] GitHistoryProvider:resolveHistoryItemGroupCommonAncestor - Failed to resolve history item group base for 'refs/heads/main'
2024-05-23 14:30:29.513 [info] > git check-ignore -v -z --stdin [1ms]
2024-05-23 14:30:33.865 [info] > git config --get commit.template [1ms]
2024-05-23 14:30:33.871 [info] > git for-each-ref --format=%(refname)%00%(upstream:short)%00%(objectname)%00%(upstream:track)%00%(upstream:remotename)%00%(upstream:remoteref) refs/heads/main refs/remotes/main [0ms]
2024-05-23 14:30:33.882 [info] > git status -z -uall [8ms]
2024-05-23 14:30:38.892 [info] > git config --get commit.template [1ms]
2024-05-23 14:30:38.898 [info] > git for-each-ref --format=%(refname)%00%(upstream:short)%00%(objectname)%00%(upstream:track)%00%(upstream:remotename)%00%(upstream:remoteref) refs/heads/main refs/remotes/main [0ms]
2024-05-23 14:30:38.909 [info] > git status -z -uall [7ms]
2024-05-23 14:30:40.891 [info] > git add -A -- /home/tenda/.vscode-server/data/User/workspaceStorage/9d15f59994ba9531649944469271f0fa/vscode.lock /home/tenda/.vscode-server/data/logs/20240523T140718/exthost8/remoteexthost.log /home/tenda/.vscode-server/data/logs/20240523T140718/exthost8/vscode.git/Git.log /home/tenda/.vscode-server/data/logs/20240523T140718/ptyhost.log /home/tenda/.vscode-server/data/logs/20240523T140718/remoteagent.log /home/tenda/.vscode-server/data/logs/20240523T140718/exthost10/remoteexthost.log /home/tenda/.vscode-server/data/logs/20240523T140718/exthost10/vscode.git/Git.log /home/tenda/.vscode-server/data/logs/20240523T140718/exthost10/vscode.github/GitHub.log /home/tenda/.vscode-server/data/logs/20240523T140718/exthost9/remoteexthost.log /home/tenda/.vscode-server/data/logs/20240523T140718/exthost9/vscode.git/Git.log /home/tenda/.vscode-server/data/logs/20240523T140718/exthost9/vscode.github/GitHub.log [8ms]
2024-05-23 14:30:40.899 [info] > git config --get commit.template [3ms]
2024-05-23 14:30:40.899 [info] > git for-each-ref --format=%(refname)%00%(upstream:short)%00%(objectname)%00%(upstream:track)%00%(upstream:remotename)%00%(upstream:remoteref) refs/heads/main refs/remotes/main [1ms]
2024-05-23 14:30:40.908 [info] > git status -z -uall [6ms]
2024-05-23 14:30:40.920 [info] > git for-each-ref --format=%(refname)%00%(upstream:short)%00%(objectname)%00%(upstream:track)%00%(upstream:remotename)%00%(upstream:remoteref) refs/heads/main [1ms]
2024-05-23 14:30:40.925 [info] > git for-each-ref --format=%(refname)%00%(upstream:short)%00%(objectname)%00%(upstream:track)%00%(upstream:remotename)%00%(upstream:remoteref) refs/heads/main [1ms]
2024-05-23 14:30:40.931 [info] > git config --local branch.main.vscode-merge-base [1ms]
2024-05-23 14:30:40.931 [warning] git config failed: Failed to execute git
2024-05-23 14:30:40.936 [info] > git reflog refs/heads/main --grep-reflog=branch: Created from *. [1ms]
2024-05-23 14:30:40.941 [info] > git symbolic-ref --short refs/remotes/origin/HEAD [1ms]
2024-05-23 14:30:40.941 [info] fatal: ref refs/remotes/origin/HEAD is not a symbolic ref
2024-05-23 14:30:40.941 [info] GitHistoryProvider:resolveHistoryItemGroupBase - Failed to resolve history item group base for 'refs/heads/main'
2024-05-23 14:30:40.941 [info] GitHistoryProvider:resolveHistoryItemGroupCommonAncestor - Failed to resolve history item group base for 'refs/heads/main'
2024-05-23 14:30:40.957 [info] > git for-each-ref --format=%(refname)%00%(upstream:short)%00%(objectname)%00%(upstream:track)%00%(upstream:remotename)%00%(upstream:remoteref) refs/heads/main [1ms]
2024-05-23 14:30:40.963 [info] > git for-each-ref --format=%(refname)%00%(upstream:short)%00%(objectname)%00%(upstream:track)%00%(upstream:remotename)%00%(upstream:remoteref) refs/heads/main [1ms]
2024-05-23 14:30:40.969 [info] > git config --local branch.main.vscode-merge-base [2ms]
2024-05-23 14:30:40.969 [warning] git config failed: Failed to execute git
2024-05-23 14:30:40.974 [info] > git reflog refs/heads/main --grep-reflog=branch: Created from *. [1ms]
2024-05-23 14:30:40.980 [info] > git symbolic-ref --short refs/remotes/origin/HEAD [0ms]
2024-05-23 14:30:40.980 [info] fatal: ref refs/remotes/origin/HEAD is not a symbolic ref
2024-05-23 14:30:40.980 [info] GitHistoryProvider:resolveHistoryItemGroupBase - Failed to resolve history item group base for 'refs/heads/main'
2024-05-23 14:30:40.980 [info] GitHistoryProvider:resolveHistoryItemGroupCommonAncestor - Failed to resolve history item group base for 'refs/heads/main'
2024-05-23 14:30:41.021 [info] > git for-each-ref --format=%(refname)%00%(upstream:short)%00%(objectname)%00%(upstream:track)%00%(upstream:remotename)%00%(upstream:remoteref) refs/heads/main [1ms]
2024-05-23 14:30:41.026 [info] > git for-each-ref --format=%(refname)%00%(upstream:short)%00%(objectname)%00%(upstream:track)%00%(upstream:remotename)%00%(upstream:remoteref) refs/heads/main [1ms]
2024-05-23 14:30:41.032 [info] > git config --local branch.main.vscode-merge-base [1ms]
2024-05-23 14:30:41.032 [warning] git config failed: Failed to execute git
2024-05-23 14:30:41.037 [info] > git reflog refs/heads/main --grep-reflog=branch: Created from *. [1ms]
2024-05-23 14:30:41.041 [info] > git symbolic-ref --short refs/remotes/origin/HEAD [0ms]
2024-05-23 14:30:41.042 [info] fatal: ref refs/remotes/origin/HEAD is not a symbolic ref
2024-05-23 14:30:41.042 [info] GitHistoryProvider:resolveHistoryItemGroupBase - Failed to resolve history item group base for 'refs/heads/main'
2024-05-23 14:30:41.042 [info] GitHistoryProvider:resolveHistoryItemGroupCommonAncestor - Failed to resolve history item group base for 'refs/heads/main'
2024-05-23 14:30:41.109 [info] > git for-each-ref --format=%(refname)%00%(upstream:short)%00%(objectname)%00%(upstream:track)%00%(upstream:remotename)%00%(upstream:remoteref) refs/heads/main [1ms]
2024-05-23 14:30:41.114 [info] > git for-each-ref --format=%(refname)%00%(upstream:short)%00%(objectname)%00%(upstream:track)%00%(upstream:remotename)%00%(upstream:remoteref) refs/heads/main [1ms]
2024-05-23 14:30:41.119 [info] > git config --local branch.main.vscode-merge-base [1ms]
2024-05-23 14:30:41.119 [warning] git config failed: Failed to execute git
2024-05-23 14:30:41.125 [info] > git reflog refs/heads/main --grep-reflog=branch: Created from *. [0ms]
2024-05-23 14:30:41.129 [info] > git symbolic-ref --short refs/remotes/origin/HEAD [1ms]
2024-05-23 14:30:41.129 [info] fatal: ref refs/remotes/origin/HEAD is not a symbolic ref
2024-05-23 14:30:41.129 [info] GitHistoryProvider:resolveHistoryItemGroupBase - Failed to resolve history item group base for 'refs/heads/main'
2024-05-23 14:30:41.129 [info] GitHistoryProvider:resolveHistoryItemGroupCommonAncestor - Failed to resolve history item group base for 'refs/heads/main'
2024-05-23 14:30:42.290 [info] > git ls-files --stage -- /home/tenda/test-project/resources/views/auth/register.blade.php [5ms]
2024-05-23 14:30:42.297 [info] > git ls-files --stage -- /home/tenda/test-project/routes/auth.php [7ms]
2024-05-23 14:30:42.301 [info] > git cat-file -s 25acc32da0ebb3c11e0269a8728a51783c6adab5 [5ms]
2024-05-23 14:30:42.302 [info] > git cat-file -s 1040b5174d0f0a0b8910fd85e2f4dd6836c13078 [2ms]
2024-05-23 14:30:42.317 [info] > git show --textconv :test-project/resources/views/auth/register.blade.php [7ms]
2024-05-23 14:30:42.317 [info] > git show --textconv :test-project/routes/auth.php [1ms]
2024-05-23 14:30:43.917 [info] > git config --get commit.template [1ms]
2024-05-23 14:30:43.922 [info] > git for-each-ref --format=%(refname)%00%(upstream:short)%00%(objectname)%00%(upstream:track)%00%(upstream:remotename)%00%(upstream:remoteref) refs/heads/main refs/remotes/main [1ms]
2024-05-23 14:30:43.934 [info] > git status -z -uall [8ms]
2024-05-23 14:30:47.069 [info] > git for-each-ref --format=%(refname)%00%(upstream:short)%00%(objectname)%00%(upstream:track)%00%(upstream:remotename)%00%(upstream:remoteref) refs/heads/main [2ms]
2024-05-23 14:30:47.074 [info] > git -c user.useConfigOnly=true commit --quiet --allow-empty-message --file - [23ms]
2024-05-23 14:30:47.080 [info] > git for-each-ref --format=%(refname)%00%(upstream:short)%00%(objectname)%00%(upstream:track)%00%(upstream:remotename)%00%(upstream:remoteref) refs/heads/main [6ms]
2024-05-23 14:30:47.084 [info] > git config --get commit.template [5ms]
2024-05-23 14:30:47.092 [info] > git config --local branch.main.vscode-merge-base [8ms]
2024-05-23 14:30:47.092 [warning] git config failed: Failed to execute git
2024-05-23 14:30:47.097 [info] > git config --get commit.template [6ms]
2024-05-23 14:30:47.098 [info] > git reflog refs/heads/main --grep-reflog=branch: Created from *. [2ms]
2024-05-23 14:30:47.107 [info] > git for-each-ref --format=%(refname)%00%(upstream:short)%00%(objectname)%00%(upstream:track)%00%(upstream:remotename)%00%(upstream:remoteref) refs/heads/main refs/remotes/main [1ms]
2024-05-23 14:30:47.112 [info] > git symbolic-ref --short refs/remotes/origin/HEAD [10ms]
2024-05-23 14:30:47.112 [info] fatal: ref refs/remotes/origin/HEAD is not a symbolic ref
2024-05-23 14:30:47.112 [info] GitHistoryProvider:resolveHistoryItemGroupBase - Failed to resolve history item group base for 'refs/heads/main'
2024-05-23 14:30:47.112 [info] GitHistoryProvider:resolveHistoryItemGroupCommonAncestor - Failed to resolve history item group base for 'refs/heads/main'
2024-05-23 14:30:47.119 [info] > git status -z -uall [8ms]
2024-05-23 14:30:47.132 [info] > git push [1ms]
2024-05-23 14:30:47.132 [info] fatal: No configured push destination.
Either specify the URL from the command-line or configure a remote repository using

    git remote add <name> <url>

and then push using the remote name

    git push <name>
2024-05-23 14:30:47.149 [info] > git for-each-ref --format=%(refname)%00%(upstream:short)%00%(objectname)%00%(upstream:track)%00%(upstream:remotename)%00%(upstream:remoteref) refs/heads/main [1ms]
2024-05-23 14:30:47.155 [info] > git config --get commit.template [16ms]
2024-05-23 14:30:47.161 [info] > git for-each-ref --format=%(refname)%00%(upstream:short)%00%(objectname)%00%(upstream:track)%00%(upstream:remotename)%00%(upstream:remoteref) refs/heads/main [7ms]
2024-05-23 14:30:47.166 [info] > git config --local branch.main.vscode-merge-base [1ms]
2024-05-23 14:30:47.167 [warning] git config failed: Failed to execute git
2024-05-23 14:30:47.172 [info] > git for-each-ref --format=%(refname)%00%(upstream:short)%00%(objectname)%00%(upstream:track)%00%(upstream:remotename)%00%(upstream:remoteref) refs/heads/main refs/remotes/main [13ms]
2024-05-23 14:30:47.178 [info] > git reflog refs/heads/main --grep-reflog=branch: Created from *. [6ms]
2024-05-23 14:30:47.183 [info] > git symbolic-ref --short refs/remotes/origin/HEAD [1ms]
2024-05-23 14:30:47.183 [info] fatal: ref refs/remotes/origin/HEAD is not a symbolic ref
2024-05-23 14:30:47.183 [info] GitHistoryProvider:resolveHistoryItemGroupBase - Failed to resolve history item group base for 'refs/heads/main'
2024-05-23 14:30:47.183 [info] GitHistoryProvider:resolveHistoryItemGroupCommonAncestor - Failed to resolve history item group base for 'refs/heads/main'
2024-05-23 14:30:47.186 [info] > git status -z -uall [9ms]
2024-05-23 14:30:47.209 [info] > git for-each-ref --format=%(refname)%00%(upstream:short)%00%(objectname)%00%(upstream:track)%00%(upstream:remotename)%00%(upstream:remoteref) refs/heads/main [1ms]
2024-05-23 14:30:47.215 [info] > git for-each-ref --format=%(refname)%00%(upstream:short)%00%(objectname)%00%(upstream:track)%00%(upstream:remotename)%00%(upstream:remoteref) refs/heads/main [1ms]
2024-05-23 14:30:47.223 [info] > git config --local branch.main.vscode-merge-base [1ms]
2024-05-23 14:30:47.223 [warning] git config failed: Failed to execute git
2024-05-23 14:30:47.230 [info] > git reflog refs/heads/main --grep-reflog=branch: Created from *. [1ms]
2024-05-23 14:30:47.241 [info] > git symbolic-ref --short refs/remotes/origin/HEAD [1ms]
2024-05-23 14:30:47.241 [info] fatal: ref refs/remotes/origin/HEAD is not a symbolic ref
2024-05-23 14:30:47.241 [info] GitHistoryProvider:resolveHistoryItemGroupBase - Failed to resolve history item group base for 'refs/heads/main'
2024-05-23 14:30:47.241 [info] GitHistoryProvider:resolveHistoryItemGroupCommonAncestor - Failed to resolve history item group base for 'refs/heads/main'
2024-05-23 14:30:47.270 [info] > git config --get commit.template [19ms]
2024-05-23 14:30:47.272 [info] > git for-each-ref --format=%(refname)%00%(upstream:short)%00%(objectname)%00%(upstream:track)%00%(upstream:remotename)%00%(upstream:remoteref) refs/heads/main [2ms]
2024-05-23 14:30:47.281 [info] > git for-each-ref --format=%(refname)%00%(upstream:short)%00%(objectname)%00%(upstream:track)%00%(upstream:remotename)%00%(upstream:remoteref) refs/heads/main refs/remotes/main [23ms]
2024-05-23 14:30:47.299 [info] > git for-each-ref --format=%(refname)%00%(upstream:short)%00%(objectname)%00%(upstream:track)%00%(upstream:remotename)%00%(upstream:remoteref) refs/heads/main [18ms]
2024-05-23 14:30:47.309 [info] > git config --local branch.main.vscode-merge-base [1ms]
2024-05-23 14:30:47.309 [warning] git config failed: Failed to execute git
2024-05-23 14:30:47.316 [info] > git status -z -uall [20ms]
2024-05-23 14:30:47.321 [info] > git reflog refs/heads/main --grep-reflog=branch: Created from *. [5ms]
2024-05-23 14:30:47.333 [info] > git symbolic-ref --short refs/remotes/origin/HEAD [2ms]
2024-05-23 14:30:47.333 [info] fatal: ref refs/remotes/origin/HEAD is not a symbolic ref
2024-05-23 14:30:47.333 [info] GitHistoryProvider:resolveHistoryItemGroupBase - Failed to resolve history item group base for 'refs/heads/main'
2024-05-23 14:30:47.333 [info] GitHistoryProvider:resolveHistoryItemGroupCommonAncestor - Failed to resolve history item group base for 'refs/heads/main'
2024-05-23 14:30:47.410 [info] > git for-each-ref --format=%(refname)%00%(upstream:short)%00%(objectname)%00%(upstream:track)%00%(upstream:remotename)%00%(upstream:remoteref) refs/heads/main [1ms]
2024-05-23 14:30:47.416 [info] > git for-each-ref --format=%(refname)%00%(upstream:short)%00%(objectname)%00%(upstream:track)%00%(upstream:remotename)%00%(upstream:remoteref) refs/heads/main [0ms]
2024-05-23 14:30:47.423 [info] > git config --local branch.main.vscode-merge-base [2ms]
2024-05-23 14:30:47.423 [warning] git config failed: Failed to execute git
2024-05-23 14:30:47.428 [info] > git reflog refs/heads/main --grep-reflog=branch: Created from *. [1ms]
2024-05-23 14:30:47.433 [info] > git symbolic-ref --short refs/remotes/origin/HEAD [1ms]
2024-05-23 14:30:47.433 [info] fatal: ref refs/remotes/origin/HEAD is not a symbolic ref
2024-05-23 14:30:47.433 [info] GitHistoryProvider:resolveHistoryItemGroupBase - Failed to resolve history item group base for 'refs/heads/main'
2024-05-23 14:30:47.433 [info] GitHistoryProvider:resolveHistoryItemGroupCommonAncestor - Failed to resolve history item group base for 'refs/heads/main'
2024-05-23 14:30:49.980 [info] > git ls-files --stage -- /home/tenda/test-project/resources/views/auth/register.blade.php [7ms]
2024-05-23 14:30:49.985 [info] > git config --get commit.template [18ms]
2024-05-23 14:30:49.991 [info] > git cat-file -s 25acc32da0ebb3c11e0269a8728a51783c6adab5 [7ms]
2024-05-23 14:30:49.992 [info] > git ls-files --stage -- /home/tenda/test-project/routes/auth.php [14ms]
2024-05-23 14:30:49.998 [info] > git for-each-ref --format=%(refname)%00%(upstream:short)%00%(objectname)%00%(upstream:track)%00%(upstream:remotename)%00%(upstream:remoteref) refs/heads/main refs/remotes/main [8ms]
2024-05-23 14:30:50.004 [info] > git cat-file -s 1040b5174d0f0a0b8910fd85e2f4dd6836c13078 [6ms]
2024-05-23 14:30:50.012 [info] > git status -z -uall [9ms]
2024-05-23 14:30:50.061 [info] > git show --textconv :test-project/resources/views/auth/register.blade.php [15ms]
2024-05-23 14:30:50.062 [info] > git show --textconv :test-project/routes/auth.php [8ms]
2024-05-23 14:30:55.020 [info] > git config --get commit.template [1ms]
2024-05-23 14:30:55.027 [info] > git for-each-ref --format=%(refname)%00%(upstream:short)%00%(objectname)%00%(upstream:track)%00%(upstream:remotename)%00%(upstream:remoteref) refs/heads/main refs/remotes/main [2ms]
2024-05-23 14:30:55.044 [info] > git status -z -uall [9ms]
2024-05-23 14:31:00.056 [info] > git config --get commit.template [4ms]
2024-05-23 14:31:00.057 [info] > git for-each-ref --format=%(refname)%00%(upstream:short)%00%(objectname)%00%(upstream:track)%00%(upstream:remotename)%00%(upstream:remoteref) refs/heads/main refs/remotes/main [1ms]
2024-05-23 14:31:00.070 [info] > git status -z -uall [9ms]
2024-05-23 14:31:04.423 [info] > git for-each-ref --format=%(refname)%00%(upstream:short)%00%(objectname)%00%(upstream:track)%00%(upstream:remotename)%00%(upstream:remoteref) refs/heads/main [1ms]
2024-05-23 14:31:04.429 [info] > git for-each-ref --format=%(refname)%00%(upstream:short)%00%(objectname)%00%(upstream:track)%00%(upstream:remotename)%00%(upstream:remoteref) refs/heads/main [2ms]
2024-05-23 14:31:04.435 [info] > git config --local branch.main.vscode-merge-base [1ms]
2024-05-23 14:31:04.435 [warning] git config failed: Failed to execute git
2024-05-23 14:31:04.441 [info] > git reflog refs/heads/main --grep-reflog=branch: Created from *. [1ms]
2024-05-23 14:31:04.448 [info] > git symbolic-ref --short refs/remotes/origin/HEAD [2ms]
2024-05-23 14:31:04.448 [info] fatal: ref refs/remotes/origin/HEAD is not a symbolic ref
2024-05-23 14:31:04.448 [info] GitHistoryProvider:resolveHistoryItemGroupBase - Failed to resolve history item group base for 'refs/heads/main'
2024-05-23 14:31:04.448 [info] GitHistoryProvider:resolveHistoryItemGroupCommonAncestor - Failed to resolve history item group base for 'refs/heads/main'
2024-05-23 14:31:05.079 [info] > git config --get commit.template [1ms]
2024-05-23 14:31:05.087 [info] > git for-each-ref --format=%(refname)%00%(upstream:short)%00%(objectname)%00%(upstream:track)%00%(upstream:remotename)%00%(upstream:remoteref) refs/heads/main refs/remotes/main [1ms]
2024-05-23 14:31:05.102 [info] > git status -z -uall [10ms]
2024-05-23 14:31:05.163 [info] > git for-each-ref --format=%(refname)%00%(upstream:short)%00%(objectname)%00%(upstream:track)%00%(upstream:remotename)%00%(upstream:remoteref) refs/heads/main [2ms]
2024-05-23 14:31:05.170 [info] > git for-each-ref --format=%(refname)%00%(upstream:short)%00%(objectname)%00%(upstream:track)%00%(upstream:remotename)%00%(upstream:remoteref) refs/heads/main [0ms]
2024-05-23 14:31:05.177 [info] > git config --local branch.main.vscode-merge-base [1ms]
2024-05-23 14:31:05.178 [warning] git config failed: Failed to execute git
2024-05-23 14:31:05.186 [info] > git reflog refs/heads/main --grep-reflog=branch: Created from *. [2ms]
2024-05-23 14:31:05.192 [info] > git symbolic-ref --short refs/remotes/origin/HEAD [1ms]
2024-05-23 14:31:05.193 [info] fatal: ref refs/remotes/origin/HEAD is not a symbolic ref
2024-05-23 14:31:05.193 [info] GitHistoryProvider:resolveHistoryItemGroupBase - Failed to resolve history item group base for 'refs/heads/main'
2024-05-23 14:31:05.193 [info] GitHistoryProvider:resolveHistoryItemGroupCommonAncestor - Failed to resolve history item group base for 'refs/heads/main'
2024-05-23 14:31:05.251 [info] > git for-each-ref --format=%(refname)%00%(upstream:short)%00%(objectname)%00%(upstream:track)%00%(upstream:remotename)%00%(upstream:remoteref) refs/heads/main [3ms]
2024-05-23 14:31:05.258 [info] > git for-each-ref --format=%(refname)%00%(upstream:short)%00%(objectname)%00%(upstream:track)%00%(upstream:remotename)%00%(upstream:remoteref) refs/heads/main [1ms]
2024-05-23 14:31:05.266 [info] > git config --local branch.main.vscode-merge-base [1ms]
2024-05-23 14:31:05.266 [warning] git config failed: Failed to execute git
2024-05-23 14:31:05.273 [info] > git reflog refs/heads/main --grep-reflog=branch: Created from *. [1ms]
2024-05-23 14:31:05.278 [info] > git symbolic-ref --short refs/remotes/origin/HEAD [1ms]
2024-05-23 14:31:05.278 [info] fatal: ref refs/remotes/origin/HEAD is not a symbolic ref
2024-05-23 14:31:05.279 [info] GitHistoryProvider:resolveHistoryItemGroupBase - Failed to resolve history item group base for 'refs/heads/main'
2024-05-23 14:31:05.279 [info] GitHistoryProvider:resolveHistoryItemGroupCommonAncestor - Failed to resolve history item group base for 'refs/heads/main'
2024-05-23 14:31:05.641 [info] > git for-each-ref --format=%(refname)%00%(upstream:short)%00%(objectname)%00%(upstream:track)%00%(upstream:remotename)%00%(upstream:remoteref) refs/heads/main [1ms]
2024-05-23 14:31:05.646 [info] > git for-each-ref --format=%(refname)%00%(upstream:short)%00%(objectname)%00%(upstream:track)%00%(upstream:remotename)%00%(upstream:remoteref) refs/heads/main [1ms]
2024-05-23 14:31:05.651 [info] > git config --local branch.main.vscode-merge-base [1ms]
2024-05-23 14:31:05.652 [warning] git config failed: Failed to execute git
2024-05-23 14:31:05.658 [info] > git reflog refs/heads/main --grep-reflog=branch: Created from *. [1ms]
2024-05-23 14:31:05.667 [info] > git symbolic-ref --short refs/remotes/origin/HEAD [1ms]
2024-05-23 14:31:05.667 [info] fatal: ref refs/remotes/origin/HEAD is not a symbolic ref
2024-05-23 14:31:05.667 [info] GitHistoryProvider:resolveHistoryItemGroupBase - Failed to resolve history item group base for 'refs/heads/main'
2024-05-23 14:31:05.667 [info] GitHistoryProvider:resolveHistoryItemGroupCommonAncestor - Failed to resolve history item group base for 'refs/heads/main'
