2024-05-23 13:22:20.242 [info] ログ レベル: Info
2024-05-23 13:22:20.242 [info] Git の検証が検出されました: "git"
2024-05-23 13:22:20.242 [info] "git" から Git "2.34.1" を使用しています
2024-05-23 13:22:20.242 [info] > git rev-parse --show-toplevel [3ms]
2024-05-23 13:22:20.242 [info] fatal: not a git repository (or any of the parent directories): .git
2024-05-23 13:22:20.242 [info] > git rev-parse --show-toplevel [3ms]
2024-05-23 13:22:20.242 [info] fatal: not a git repository (or any of the parent directories): .git
2024-05-23 13:22:20.242 [info] > git rev-parse --show-toplevel [1ms]
2024-05-23 13:22:20.242 [info] fatal: not a git repository (or any of the parent directories): .git
2024-05-23 13:22:20.242 [info] > git rev-parse --show-toplevel [2ms]
2024-05-23 13:22:20.242 [info] fatal: not a git repository (or any of the parent directories): .git
2024-05-23 13:22:20.242 [info] > git rev-parse --show-toplevel [4ms]
2024-05-23 13:22:20.243 [info] fatal: not a git repository (or any of the parent directories): .git
2024-05-23 13:22:20.243 [info] > git rev-parse --show-toplevel [1ms]
2024-05-23 13:22:20.243 [info] fatal: not a git repository (or any of the parent directories): .git
2024-05-23 13:22:20.243 [info] > git rev-parse --show-toplevel [2ms]
2024-05-23 13:22:20.243 [info] fatal: not a git repository (or any of the parent directories): .git
2024-05-23 13:22:20.243 [info] > git rev-parse --show-toplevel [2ms]
2024-05-23 13:22:20.243 [info] fatal: not a git repository (or any of the parent directories): .git
2024-05-23 13:22:20.243 [info] > git rev-parse --show-toplevel [3ms]
2024-05-23 13:22:20.243 [info] fatal: not a git repository (or any of the parent directories): .git
