2024-05-22 13:26:37.895 [info] ログ レベル: Info
2024-05-22 13:26:37.895 [info] Git の検証が検出されました: "git"
2024-05-22 13:26:37.895 [info] "git" から Git "2.34.1" を使用しています
2024-05-22 13:26:37.895 [info] > git rev-parse --show-toplevel [2ms]
2024-05-22 13:26:37.895 [info] fatal: not a git repository (or any of the parent directories): .git
2024-05-22 13:26:37.895 [info] > git rev-parse --show-toplevel [6ms]
2024-05-22 13:26:37.895 [info] fatal: not a git repository (or any of the parent directories): .git
2024-05-22 13:26:37.896 [info] > git rev-parse --show-toplevel [1ms]
2024-05-22 13:26:37.896 [info] fatal: not a git repository (or any of the parent directories): .git
2024-05-22 13:26:37.903 [info] > git rev-parse --show-toplevel [1ms]
2024-05-22 13:26:37.903 [info] fatal: not a git repository (or any of the parent directories): .git
2024-05-22 13:26:37.912 [info] > git rev-parse --show-toplevel [1ms]
2024-05-22 13:26:37.912 [info] fatal: not a git repository (or any of the parent directories): .git
2024-05-22 13:26:37.920 [info] > git rev-parse --show-toplevel [1ms]
2024-05-22 13:26:37.920 [info] fatal: not a git repository (or any of the parent directories): .git
2024-05-22 13:26:37.931 [info] > git rev-parse --show-toplevel [1ms]
2024-05-22 13:26:37.931 [info] fatal: not a git repository (or any of the parent directories): .git
2024-05-22 13:26:37.935 [info] > git rev-parse --show-toplevel [1ms]
2024-05-22 13:26:37.935 [info] fatal: not a git repository (or any of the parent directories): .git
2024-05-22 13:26:37.944 [info] > git rev-parse --show-toplevel [0ms]
2024-05-22 13:26:37.944 [info] fatal: not a git repository (or any of the parent directories): .git
2024-05-22 13:26:37.953 [info] > git rev-parse --show-toplevel [1ms]
2024-05-22 13:26:37.953 [info] fatal: not a git repository (or any of the parent directories): .git
2024-05-22 13:26:37.961 [info] > git rev-parse --show-toplevel [1ms]
2024-05-22 13:26:37.961 [info] fatal: not a git repository (or any of the parent directories): .git
