2024-05-22 13:37:28.458 [info] ログ レベル: Info
2024-05-22 13:37:28.458 [info] Git の検証が検出されました: "git"
2024-05-22 13:37:28.458 [info] "git" から Git "2.34.1" を使用しています
2024-05-22 13:37:28.458 [info] > git rev-parse --show-toplevel [5ms]
2024-05-22 13:37:28.458 [info] fatal: not a git repository (or any of the parent directories): .git
2024-05-22 13:37:28.459 [info] > git rev-parse --show-toplevel [11ms]
2024-05-22 13:37:28.459 [info] fatal: not a git repository (or any of the parent directories): .git
2024-05-22 13:37:28.459 [info] > git rev-parse --show-toplevel [3ms]
2024-05-22 13:37:28.459 [info] fatal: not a git repository (or any of the parent directories): .git
2024-05-22 13:37:28.459 [info] > git rev-parse --show-toplevel [1ms]
2024-05-22 13:37:28.459 [info] fatal: not a git repository (or any of the parent directories): .git
2024-05-22 13:37:28.465 [info] > git rev-parse --show-toplevel [1ms]
2024-05-22 13:37:28.465 [info] fatal: not a git repository (or any of the parent directories): .git
2024-05-22 13:37:28.471 [info] > git rev-parse --show-toplevel [1ms]
2024-05-22 13:37:28.471 [info] fatal: not a git repository (or any of the parent directories): .git
2024-05-22 13:37:28.477 [info] > git rev-parse --show-toplevel [1ms]
2024-05-22 13:37:28.477 [info] fatal: not a git repository (or any of the parent directories): .git
2024-05-22 13:37:28.494 [info] > git rev-parse --show-toplevel [8ms]
2024-05-22 13:37:28.494 [info] fatal: not a git repository (or any of the parent directories): .git
2024-05-22 13:37:28.507 [info] > git rev-parse --show-toplevel [1ms]
2024-05-22 13:37:28.507 [info] fatal: not a git repository (or any of the parent directories): .git
2024-05-22 13:37:28.517 [info] > git rev-parse --show-toplevel [1ms]
2024-05-22 13:37:28.517 [info] fatal: not a git repository (or any of the parent directories): .git
2024-05-22 13:37:28.529 [info] > git rev-parse --show-toplevel [1ms]
2024-05-22 13:37:28.529 [info] fatal: not a git repository (or any of the parent directories): .git
2024-05-22 13:37:45.408 [info] > git rev-parse --show-toplevel [1ms]
2024-05-22 13:37:45.408 [info] fatal: not a git repository (or any of the parent directories): .git
2024-05-22 13:46:20.965 [info] > git rev-parse --show-toplevel [1ms]
2024-05-22 13:46:20.965 [info] fatal: not a git repository (or any of the parent directories): .git
2024-05-22 13:47:17.029 [info] > git rev-parse --show-toplevel [2ms]
2024-05-22 13:47:17.029 [info] fatal: not a git repository (or any of the parent directories): .git
