2024-05-23 14:28:25.026 [info] ログ レベル: Info
2024-05-23 14:28:25.026 [info] Git の検証が検出されました: "git"
2024-05-23 14:28:25.026 [info] "git" から Git "2.34.1" を使用しています
2024-05-23 14:28:25.026 [info] > git rev-parse --show-toplevel [6ms]
2024-05-23 14:28:25.026 [info] > git rev-parse --git-dir --git-common-dir [5ms]
2024-05-23 14:28:25.026 [info] Open repository: /home/tenda
2024-05-23 14:28:25.026 [info] > git rev-parse --show-toplevel [2ms]
2024-05-23 14:28:25.026 [info] > git config --get commit.template [13ms]
2024-05-23 14:28:25.048 [info] > git for-each-ref --format=%(refname)%00%(upstream:short)%00%(objectname)%00%(upstream:track)%00%(upstream:remotename)%00%(upstream:remoteref) refs/heads/main refs/remotes/main [3ms]
2024-05-23 14:28:25.056 [info] > git rev-parse --show-toplevel [20ms]
2024-05-23 14:28:25.065 [info] > git rev-parse --show-toplevel [1ms]
2024-05-23 14:28:25.077 [info] > git status -z -uall [22ms]
2024-05-23 14:28:25.077 [info] > git rev-parse --show-toplevel [4ms]
2024-05-23 14:28:25.110 [info] > git rev-parse --show-toplevel [9ms]
2024-05-23 14:28:25.111 [info] > git config --get commit.template [2ms]
2024-05-23 14:28:25.123 [info] > git rev-parse --show-toplevel [6ms]
2024-05-23 14:28:25.124 [info] > git for-each-ref --format=%(refname)%00%(upstream:short)%00%(objectname)%00%(upstream:track)%00%(upstream:remotename)%00%(upstream:remoteref) refs/heads/main refs/remotes/main [2ms]
2024-05-23 14:28:25.136 [info] > git rev-parse --show-toplevel [1ms]
2024-05-23 14:28:25.141 [info] > git status -z -uall [13ms]
2024-05-23 14:28:25.147 [info] > git rev-parse --show-toplevel [5ms]
2024-05-23 14:28:25.722 [info] > git show --textconv :test-project/resources/views/auth/register.blade.php [27ms]
2024-05-23 14:28:25.722 [info] > git show --textconv :test-project/routes/auth.php [20ms]
2024-05-23 14:28:25.722 [info] > git ls-files --stage -- /home/tenda/test-project/resources/views/auth/register.blade.php [10ms]
2024-05-23 14:28:25.730 [info] > git cat-file -s 25acc32da0ebb3c11e0269a8728a51783c6adab5 [2ms]
2024-05-23 14:28:25.730 [info] > git ls-files --stage -- /home/tenda/test-project/routes/auth.php [10ms]
2024-05-23 14:28:25.736 [info] > git cat-file -s 1040b5174d0f0a0b8910fd85e2f4dd6836c13078 [1ms]
2024-05-23 14:28:25.778 [info] > git check-ignore -v -z --stdin [10ms]
2024-05-23 14:28:27.967 [info] > git config --get commit.template [7ms]
2024-05-23 14:28:27.967 [info] > git for-each-ref --format=%(refname)%00%(upstream:short)%00%(objectname)%00%(upstream:track)%00%(upstream:remotename)%00%(upstream:remoteref) refs/heads/main refs/remotes/main [1ms]
2024-05-23 14:28:27.999 [info] > git status -z -uall [29ms]
2024-05-23 14:28:33.025 [info] > git config --get commit.template [5ms]
2024-05-23 14:28:33.025 [info] > git for-each-ref --format=%(refname)%00%(upstream:short)%00%(objectname)%00%(upstream:track)%00%(upstream:remotename)%00%(upstream:remoteref) refs/heads/main refs/remotes/main [1ms]
2024-05-23 14:28:33.038 [info] > git status -z -uall [8ms]
2024-05-23 14:28:34.439 [info] > git for-each-ref --format=%(refname)%00%(upstream:short)%00%(objectname)%00%(upstream:track)%00%(upstream:remotename)%00%(upstream:remoteref) refs/heads/main [0ms]
2024-05-23 14:28:34.447 [info] > git for-each-ref --format=%(refname)%00%(upstream:short)%00%(objectname)%00%(upstream:track)%00%(upstream:remotename)%00%(upstream:remoteref) refs/heads/main [1ms]
2024-05-23 14:28:34.453 [info] > git config --local branch.main.vscode-merge-base [1ms]
2024-05-23 14:28:34.453 [warning] git config failed: Failed to execute git
2024-05-23 14:28:34.459 [info] > git reflog refs/heads/main --grep-reflog=branch: Created from *. [1ms]
2024-05-23 14:28:34.465 [info] > git symbolic-ref --short refs/remotes/origin/HEAD [0ms]
2024-05-23 14:28:34.465 [info] fatal: ref refs/remotes/origin/HEAD is not a symbolic ref
2024-05-23 14:28:34.465 [info] GitHistoryProvider:resolveHistoryItemGroupBase - Failed to resolve history item group base for 'refs/heads/main'
2024-05-23 14:28:34.465 [info] GitHistoryProvider:resolveHistoryItemGroupCommonAncestor - Failed to resolve history item group base for 'refs/heads/main'
2024-05-23 14:28:34.535 [info] > git for-each-ref --format=%(refname)%00%(upstream:short)%00%(objectname)%00%(upstream:track)%00%(upstream:remotename)%00%(upstream:remoteref) refs/heads/main [7ms]
2024-05-23 14:28:34.546 [info] > git for-each-ref --format=%(refname)%00%(upstream:short)%00%(objectname)%00%(upstream:track)%00%(upstream:remotename)%00%(upstream:remoteref) refs/heads/main [2ms]
2024-05-23 14:28:34.554 [info] > git config --local branch.main.vscode-merge-base [2ms]
2024-05-23 14:28:34.554 [warning] git config failed: Failed to execute git
2024-05-23 14:28:34.562 [info] > git reflog refs/heads/main --grep-reflog=branch: Created from *. [1ms]
2024-05-23 14:28:34.569 [info] > git symbolic-ref --short refs/remotes/origin/HEAD [0ms]
2024-05-23 14:28:34.569 [info] fatal: ref refs/remotes/origin/HEAD is not a symbolic ref
2024-05-23 14:28:34.569 [info] GitHistoryProvider:resolveHistoryItemGroupBase - Failed to resolve history item group base for 'refs/heads/main'
2024-05-23 14:28:34.569 [info] GitHistoryProvider:resolveHistoryItemGroupCommonAncestor - Failed to resolve history item group base for 'refs/heads/main'
2024-05-23 14:28:35.039 [info] > git check-ignore -v -z --stdin [3ms]
2024-05-23 14:28:38.048 [info] > git config --get commit.template [1ms]
2024-05-23 14:28:38.054 [info] > git for-each-ref --format=%(refname)%00%(upstream:short)%00%(objectname)%00%(upstream:track)%00%(upstream:remotename)%00%(upstream:remoteref) refs/heads/main refs/remotes/main [1ms]
2024-05-23 14:28:38.069 [info] > git status -z -uall [10ms]
2024-05-23 14:28:43.078 [info] > git config --get commit.template [1ms]
2024-05-23 14:28:43.084 [info] > git for-each-ref --format=%(refname)%00%(upstream:short)%00%(objectname)%00%(upstream:track)%00%(upstream:remotename)%00%(upstream:remoteref) refs/heads/main refs/remotes/main [0ms]
2024-05-23 14:28:43.105 [info] > git status -z -uall [15ms]
2024-05-23 14:28:47.218 [info] > git add -A -- /home/tenda/.bash_history /home/tenda/.vscode-server/data/User/workspaceStorage/9d15f59994ba9531649944469271f0fa/vscode.lock /home/tenda/.vscode-server/data/logs/20240523T140718/exthost4/remoteexthost.log /home/tenda/.vscode-server/data/logs/20240523T140718/exthost4/vscode.git/Git.log /home/tenda/.vscode-server/data/logs/20240523T140718/ptyhost.log /home/tenda/.vscode-server/data/logs/20240523T140718/remoteagent.log /home/tenda/.gitconfig /home/tenda/.vscode-server/data/logs/20240523T140718/exthost5/remoteexthost.log /home/tenda/.vscode-server/data/logs/20240523T140718/exthost5/vscode.git/Git.log /home/tenda/.vscode-server/data/logs/20240523T140718/exthost5/vscode.github/GitHub.log /home/tenda/.vscode-server/data/logs/20240523T140718/exthost6/remoteexthost.log /home/tenda/.vscode-server/data/logs/20240523T140718/exthost6/vscode.git/Git.log /home/tenda/.vscode-server/data/logs/20240523T140718/exthost6/vscode.github/GitHub.log /home/tenda/.vscode-server/data/logs/20240523T140718/exthost7/remoteexthost.log /home/tenda/.vscode-server/data/logs/20240523T140718/exthost7/vscode.git/Git.log /home/tenda/.vscode-server/data/logs/20240523T140718/exthost7/vscode.github/GitHub.log /home/tenda/.vscode-server/data/logs/20240523T140718/exthost8/remoteexthost.log /home/tenda/.vscode-server/data/logs/20240523T140718/exthost8/vscode.git/Git.log /home/tenda/.vscode-server/data/logs/20240523T140718/exthost8/vscode.github/GitHub.log [14ms]
2024-05-23 14:28:47.227 [info] > git config --get commit.template [3ms]
2024-05-23 14:28:47.228 [info] > git for-each-ref --format=%(refname)%00%(upstream:short)%00%(objectname)%00%(upstream:track)%00%(upstream:remotename)%00%(upstream:remoteref) refs/heads/main refs/remotes/main [1ms]
2024-05-23 14:28:47.238 [info] > git status -z -uall [7ms]
2024-05-23 14:28:47.252 [info] > git for-each-ref --format=%(refname)%00%(upstream:short)%00%(objectname)%00%(upstream:track)%00%(upstream:remotename)%00%(upstream:remoteref) refs/heads/main [2ms]
2024-05-23 14:28:47.259 [info] > git for-each-ref --format=%(refname)%00%(upstream:short)%00%(objectname)%00%(upstream:track)%00%(upstream:remotename)%00%(upstream:remoteref) refs/heads/main [1ms]
2024-05-23 14:28:47.264 [info] > git config --local branch.main.vscode-merge-base [1ms]
2024-05-23 14:28:47.264 [warning] git config failed: Failed to execute git
2024-05-23 14:28:47.270 [info] > git reflog refs/heads/main --grep-reflog=branch: Created from *. [1ms]
2024-05-23 14:28:47.274 [info] > git symbolic-ref --short refs/remotes/origin/HEAD [0ms]
2024-05-23 14:28:47.275 [info] fatal: ref refs/remotes/origin/HEAD is not a symbolic ref
2024-05-23 14:28:47.275 [info] GitHistoryProvider:resolveHistoryItemGroupBase - Failed to resolve history item group base for 'refs/heads/main'
2024-05-23 14:28:47.275 [info] GitHistoryProvider:resolveHistoryItemGroupCommonAncestor - Failed to resolve history item group base for 'refs/heads/main'
2024-05-23 14:28:47.297 [info] > git for-each-ref --format=%(refname)%00%(upstream:short)%00%(objectname)%00%(upstream:track)%00%(upstream:remotename)%00%(upstream:remoteref) refs/heads/main [1ms]
2024-05-23 14:28:47.302 [info] > git for-each-ref --format=%(refname)%00%(upstream:short)%00%(objectname)%00%(upstream:track)%00%(upstream:remotename)%00%(upstream:remoteref) refs/heads/main [1ms]
2024-05-23 14:28:47.309 [info] > git config --local branch.main.vscode-merge-base [1ms]
2024-05-23 14:28:47.309 [warning] git config failed: Failed to execute git
2024-05-23 14:28:47.315 [info] > git reflog refs/heads/main --grep-reflog=branch: Created from *. [2ms]
2024-05-23 14:28:47.319 [info] > git symbolic-ref --short refs/remotes/origin/HEAD [1ms]
2024-05-23 14:28:47.319 [info] fatal: ref refs/remotes/origin/HEAD is not a symbolic ref
2024-05-23 14:28:47.319 [info] GitHistoryProvider:resolveHistoryItemGroupBase - Failed to resolve history item group base for 'refs/heads/main'
2024-05-23 14:28:47.319 [info] GitHistoryProvider:resolveHistoryItemGroupCommonAncestor - Failed to resolve history item group base for 'refs/heads/main'
2024-05-23 14:28:47.369 [info] > git for-each-ref --format=%(refname)%00%(upstream:short)%00%(objectname)%00%(upstream:track)%00%(upstream:remotename)%00%(upstream:remoteref) refs/heads/main [1ms]
2024-05-23 14:28:47.375 [info] > git for-each-ref --format=%(refname)%00%(upstream:short)%00%(objectname)%00%(upstream:track)%00%(upstream:remotename)%00%(upstream:remoteref) refs/heads/main [1ms]
2024-05-23 14:28:47.381 [info] > git config --local branch.main.vscode-merge-base [1ms]
2024-05-23 14:28:47.381 [warning] git config failed: Failed to execute git
2024-05-23 14:28:47.387 [info] > git reflog refs/heads/main --grep-reflog=branch: Created from *. [1ms]
2024-05-23 14:28:47.393 [info] > git symbolic-ref --short refs/remotes/origin/HEAD [1ms]
2024-05-23 14:28:47.393 [info] fatal: ref refs/remotes/origin/HEAD is not a symbolic ref
2024-05-23 14:28:47.393 [info] GitHistoryProvider:resolveHistoryItemGroupBase - Failed to resolve history item group base for 'refs/heads/main'
2024-05-23 14:28:47.393 [info] GitHistoryProvider:resolveHistoryItemGroupCommonAncestor - Failed to resolve history item group base for 'refs/heads/main'
2024-05-23 14:28:47.447 [info] > git for-each-ref --format=%(refname)%00%(upstream:short)%00%(objectname)%00%(upstream:track)%00%(upstream:remotename)%00%(upstream:remoteref) refs/heads/main [2ms]
2024-05-23 14:28:47.457 [info] > git for-each-ref --format=%(refname)%00%(upstream:short)%00%(objectname)%00%(upstream:track)%00%(upstream:remotename)%00%(upstream:remoteref) refs/heads/main [2ms]
2024-05-23 14:28:47.466 [info] > git config --local branch.main.vscode-merge-base [2ms]
2024-05-23 14:28:47.466 [warning] git config failed: Failed to execute git
2024-05-23 14:28:47.475 [info] > git reflog refs/heads/main --grep-reflog=branch: Created from *. [2ms]
2024-05-23 14:28:47.482 [info] > git symbolic-ref --short refs/remotes/origin/HEAD [2ms]
2024-05-23 14:28:47.482 [info] fatal: ref refs/remotes/origin/HEAD is not a symbolic ref
2024-05-23 14:28:47.482 [info] GitHistoryProvider:resolveHistoryItemGroupBase - Failed to resolve history item group base for 'refs/heads/main'
2024-05-23 14:28:47.482 [info] GitHistoryProvider:resolveHistoryItemGroupCommonAncestor - Failed to resolve history item group base for 'refs/heads/main'
2024-05-23 14:28:48.589 [info] > git ls-files --stage -- /home/tenda/test-project/resources/views/auth/register.blade.php [4ms]
2024-05-23 14:28:48.595 [info] > git ls-files --stage -- /home/tenda/test-project/routes/auth.php [7ms]
2024-05-23 14:28:48.599 [info] > git cat-file -s 25acc32da0ebb3c11e0269a8728a51783c6adab5 [5ms]
2024-05-23 14:28:48.600 [info] > git cat-file -s 1040b5174d0f0a0b8910fd85e2f4dd6836c13078 [1ms]
2024-05-23 14:28:48.613 [info] > git show --textconv :test-project/resources/views/auth/register.blade.php [6ms]
2024-05-23 14:28:48.613 [info] > git show --textconv :test-project/routes/auth.php [2ms]
2024-05-23 14:28:49.022 [info] > git config --get commit.template [1ms]
2024-05-23 14:28:49.027 [info] > git for-each-ref --format=%(refname)%00%(upstream:short)%00%(objectname)%00%(upstream:track)%00%(upstream:remotename)%00%(upstream:remoteref) refs/heads/main refs/remotes/main [1ms]
2024-05-23 14:28:49.038 [info] > git status -z -uall [7ms]
2024-05-23 14:28:53.967 [info] > git -c user.useConfigOnly=true commit --quiet --allow-empty-message --file - [20ms]
2024-05-23 14:28:53.968 [info] > git for-each-ref --format=%(refname)%00%(upstream:short)%00%(objectname)%00%(upstream:track)%00%(upstream:remotename)%00%(upstream:remoteref) refs/heads/main [3ms]
2024-05-23 14:28:53.978 [info] > git for-each-ref --format=%(refname)%00%(upstream:short)%00%(objectname)%00%(upstream:track)%00%(upstream:remotename)%00%(upstream:remoteref) refs/heads/main [6ms]
2024-05-23 14:28:53.983 [info] > git config --get commit.template [6ms]
2024-05-23 14:28:53.991 [info] > git config --local branch.main.vscode-merge-base [9ms]
2024-05-23 14:28:53.992 [warning] git config failed: Failed to execute git
2024-05-23 14:28:53.997 [info] > git config --get commit.template [5ms]
2024-05-23 14:28:53.997 [info] > git reflog refs/heads/main --grep-reflog=branch: Created from *. [2ms]
2024-05-23 14:28:54.007 [info] > git for-each-ref --format=%(refname)%00%(upstream:short)%00%(objectname)%00%(upstream:track)%00%(upstream:remotename)%00%(upstream:remoteref) refs/heads/main refs/remotes/main [0ms]
2024-05-23 14:28:54.012 [info] > git symbolic-ref --short refs/remotes/origin/HEAD [10ms]
2024-05-23 14:28:54.012 [info] fatal: ref refs/remotes/origin/HEAD is not a symbolic ref
2024-05-23 14:28:54.012 [info] GitHistoryProvider:resolveHistoryItemGroupBase - Failed to resolve history item group base for 'refs/heads/main'
2024-05-23 14:28:54.012 [info] GitHistoryProvider:resolveHistoryItemGroupCommonAncestor - Failed to resolve history item group base for 'refs/heads/main'
2024-05-23 14:28:54.020 [info] > git status -z -uall [7ms]
2024-05-23 14:28:54.033 [info] > git push [2ms]
2024-05-23 14:28:54.033 [info] fatal: No configured push destination.
Either specify the URL from the command-line or configure a remote repository using

    git remote add <name> <url>

and then push using the remote name

    git push <name>
2024-05-23 14:28:54.040 [info] > git config --get commit.template [1ms]
2024-05-23 14:28:54.045 [info] > git for-each-ref --format=%(refname)%00%(upstream:short)%00%(objectname)%00%(upstream:track)%00%(upstream:remotename)%00%(upstream:remoteref) refs/heads/main refs/remotes/main [1ms]
2024-05-23 14:28:54.058 [info] > git for-each-ref --format=%(refname)%00%(upstream:short)%00%(objectname)%00%(upstream:track)%00%(upstream:remotename)%00%(upstream:remoteref) refs/heads/main [1ms]
2024-05-23 14:28:54.064 [info] > git status -z -uall [14ms]
2024-05-23 14:28:54.068 [info] > git for-each-ref --format=%(refname)%00%(upstream:short)%00%(objectname)%00%(upstream:track)%00%(upstream:remotename)%00%(upstream:remoteref) refs/heads/main [5ms]
2024-05-23 14:28:54.076 [info] > git config --local branch.main.vscode-merge-base [1ms]
2024-05-23 14:28:54.076 [warning] git config failed: Failed to execute git
2024-05-23 14:28:54.084 [info] > git reflog refs/heads/main --grep-reflog=branch: Created from *. [1ms]
2024-05-23 14:28:54.091 [info] > git symbolic-ref --short refs/remotes/origin/HEAD [1ms]
2024-05-23 14:28:54.091 [info] fatal: ref refs/remotes/origin/HEAD is not a symbolic ref
2024-05-23 14:28:54.091 [info] GitHistoryProvider:resolveHistoryItemGroupBase - Failed to resolve history item group base for 'refs/heads/main'
2024-05-23 14:28:54.091 [info] GitHistoryProvider:resolveHistoryItemGroupCommonAncestor - Failed to resolve history item group base for 'refs/heads/main'
2024-05-23 14:28:54.101 [info] > git config --get commit.template [1ms]
2024-05-23 14:28:54.108 [info] > git for-each-ref --format=%(refname)%00%(upstream:short)%00%(objectname)%00%(upstream:track)%00%(upstream:remotename)%00%(upstream:remoteref) refs/heads/main refs/remotes/main [1ms]
2024-05-23 14:28:54.131 [info] > git status -z -uall [17ms]
2024-05-23 14:28:54.154 [info] > git for-each-ref --format=%(refname)%00%(upstream:short)%00%(objectname)%00%(upstream:track)%00%(upstream:remotename)%00%(upstream:remoteref) refs/heads/main [11ms]
2024-05-23 14:28:54.169 [info] > git for-each-ref --format=%(refname)%00%(upstream:short)%00%(objectname)%00%(upstream:track)%00%(upstream:remotename)%00%(upstream:remoteref) refs/heads/main [4ms]
2024-05-23 14:28:54.179 [info] > git config --get commit.template [27ms]
2024-05-23 14:28:54.189 [info] > git config --local branch.main.vscode-merge-base [12ms]
2024-05-23 14:28:54.190 [warning] git config failed: Failed to execute git
2024-05-23 14:28:54.198 [info] > git for-each-ref --format=%(refname)%00%(upstream:short)%00%(objectname)%00%(upstream:track)%00%(upstream:remotename)%00%(upstream:remoteref) refs/heads/main refs/remotes/main [10ms]
2024-05-23 14:28:54.206 [info] > git reflog refs/heads/main --grep-reflog=branch: Created from *. [10ms]
2024-05-23 14:28:54.212 [info] > git symbolic-ref --short refs/remotes/origin/HEAD [1ms]
2024-05-23 14:28:54.212 [info] fatal: ref refs/remotes/origin/HEAD is not a symbolic ref
2024-05-23 14:28:54.212 [info] GitHistoryProvider:resolveHistoryItemGroupBase - Failed to resolve history item group base for 'refs/heads/main'
2024-05-23 14:28:54.212 [info] GitHistoryProvider:resolveHistoryItemGroupCommonAncestor - Failed to resolve history item group base for 'refs/heads/main'
2024-05-23 14:28:54.214 [info] > git status -z -uall [9ms]
2024-05-23 14:28:54.241 [info] > git for-each-ref --format=%(refname)%00%(upstream:short)%00%(objectname)%00%(upstream:track)%00%(upstream:remotename)%00%(upstream:remoteref) refs/heads/main [2ms]
2024-05-23 14:28:54.250 [info] > git for-each-ref --format=%(refname)%00%(upstream:short)%00%(objectname)%00%(upstream:track)%00%(upstream:remotename)%00%(upstream:remoteref) refs/heads/main [3ms]
2024-05-23 14:28:54.258 [info] > git config --local branch.main.vscode-merge-base [1ms]
2024-05-23 14:28:54.259 [warning] git config failed: Failed to execute git
2024-05-23 14:28:54.265 [info] > git reflog refs/heads/main --grep-reflog=branch: Created from *. [1ms]
2024-05-23 14:28:54.272 [info] > git symbolic-ref --short refs/remotes/origin/HEAD [1ms]
2024-05-23 14:28:54.272 [info] fatal: ref refs/remotes/origin/HEAD is not a symbolic ref
2024-05-23 14:28:54.272 [info] GitHistoryProvider:resolveHistoryItemGroupBase - Failed to resolve history item group base for 'refs/heads/main'
2024-05-23 14:28:54.272 [info] GitHistoryProvider:resolveHistoryItemGroupCommonAncestor - Failed to resolve history item group base for 'refs/heads/main'
2024-05-23 14:28:54.331 [info] > git for-each-ref --format=%(refname)%00%(upstream:short)%00%(objectname)%00%(upstream:track)%00%(upstream:remotename)%00%(upstream:remoteref) refs/heads/main [1ms]
2024-05-23 14:28:54.346 [info] > git for-each-ref --format=%(refname)%00%(upstream:short)%00%(objectname)%00%(upstream:track)%00%(upstream:remotename)%00%(upstream:remoteref) refs/heads/main [2ms]
2024-05-23 14:28:54.354 [info] > git config --local branch.main.vscode-merge-base [1ms]
2024-05-23 14:28:54.354 [warning] git config failed: Failed to execute git
2024-05-23 14:28:54.360 [info] > git reflog refs/heads/main --grep-reflog=branch: Created from *. [1ms]
2024-05-23 14:28:54.366 [info] > git symbolic-ref --short refs/remotes/origin/HEAD [1ms]
2024-05-23 14:28:54.366 [info] fatal: ref refs/remotes/origin/HEAD is not a symbolic ref
2024-05-23 14:28:54.366 [info] GitHistoryProvider:resolveHistoryItemGroupBase - Failed to resolve history item group base for 'refs/heads/main'
2024-05-23 14:28:54.366 [info] GitHistoryProvider:resolveHistoryItemGroupCommonAncestor - Failed to resolve history item group base for 'refs/heads/main'
2024-05-23 14:28:57.607 [info] > git ls-files --stage -- /home/tenda/test-project/resources/views/auth/register.blade.php [7ms]
2024-05-23 14:28:57.614 [info] > git ls-files --stage -- /home/tenda/test-project/routes/auth.php [6ms]
2024-05-23 14:28:57.619 [info] > git cat-file -s 25acc32da0ebb3c11e0269a8728a51783c6adab5 [6ms]
2024-05-23 14:28:57.620 [info] > git cat-file -s 1040b5174d0f0a0b8910fd85e2f4dd6836c13078 [2ms]
2024-05-23 14:28:57.676 [info] > git show --textconv :test-project/resources/views/auth/register.blade.php [5ms]
2024-05-23 14:28:57.677 [info] > git show --textconv :test-project/routes/auth.php [2ms]
2024-05-23 14:28:59.226 [info] > git config --get commit.template [5ms]
2024-05-23 14:28:59.226 [info] > git for-each-ref --format=%(refname)%00%(upstream:short)%00%(objectname)%00%(upstream:track)%00%(upstream:remotename)%00%(upstream:remoteref) refs/heads/main refs/remotes/main [1ms]
2024-05-23 14:28:59.236 [info] > git status -z -uall [7ms]
2024-05-23 14:29:00.088 [info] > git for-each-ref --format=%(refname)%00%(upstream:short)%00%(objectname)%00%(upstream:track)%00%(upstream:remotename)%00%(upstream:remoteref) refs/heads/main [1ms]
2024-05-23 14:29:00.094 [info] > git for-each-ref --format=%(refname)%00%(upstream:short)%00%(objectname)%00%(upstream:track)%00%(upstream:remotename)%00%(upstream:remoteref) refs/heads/main [1ms]
2024-05-23 14:29:00.100 [info] > git config --local branch.main.vscode-merge-base [1ms]
2024-05-23 14:29:00.100 [warning] git config failed: Failed to execute git
2024-05-23 14:29:00.105 [info] > git reflog refs/heads/main --grep-reflog=branch: Created from *. [1ms]
2024-05-23 14:29:00.109 [info] > git symbolic-ref --short refs/remotes/origin/HEAD [1ms]
2024-05-23 14:29:00.109 [info] fatal: ref refs/remotes/origin/HEAD is not a symbolic ref
2024-05-23 14:29:00.109 [info] GitHistoryProvider:resolveHistoryItemGroupBase - Failed to resolve history item group base for 'refs/heads/main'
2024-05-23 14:29:00.109 [info] GitHistoryProvider:resolveHistoryItemGroupCommonAncestor - Failed to resolve history item group base for 'refs/heads/main'
2024-05-23 14:29:00.586 [info] > git for-each-ref --format=%(refname)%00%(upstream:short)%00%(objectname)%00%(upstream:track)%00%(upstream:remotename)%00%(upstream:remoteref) refs/heads/main [0ms]
2024-05-23 14:29:00.591 [info] > git for-each-ref --format=%(refname)%00%(upstream:short)%00%(objectname)%00%(upstream:track)%00%(upstream:remotename)%00%(upstream:remoteref) refs/heads/main [2ms]
2024-05-23 14:29:00.596 [info] > git config --local branch.main.vscode-merge-base [1ms]
2024-05-23 14:29:00.596 [warning] git config failed: Failed to execute git
2024-05-23 14:29:00.602 [info] > git reflog refs/heads/main --grep-reflog=branch: Created from *. [1ms]
2024-05-23 14:29:00.607 [info] > git symbolic-ref --short refs/remotes/origin/HEAD [1ms]
2024-05-23 14:29:00.607 [info] fatal: ref refs/remotes/origin/HEAD is not a symbolic ref
2024-05-23 14:29:00.607 [info] GitHistoryProvider:resolveHistoryItemGroupBase - Failed to resolve history item group base for 'refs/heads/main'
2024-05-23 14:29:00.607 [info] GitHistoryProvider:resolveHistoryItemGroupCommonAncestor - Failed to resolve history item group base for 'refs/heads/main'
2024-05-23 14:29:00.670 [info] > git for-each-ref --format=%(refname)%00%(upstream:short)%00%(objectname)%00%(upstream:track)%00%(upstream:remotename)%00%(upstream:remoteref) refs/heads/main [1ms]
2024-05-23 14:29:00.676 [info] > git for-each-ref --format=%(refname)%00%(upstream:short)%00%(objectname)%00%(upstream:track)%00%(upstream:remotename)%00%(upstream:remoteref) refs/heads/main [1ms]
2024-05-23 14:29:00.682 [info] > git config --local branch.main.vscode-merge-base [0ms]
2024-05-23 14:29:00.682 [warning] git config failed: Failed to execute git
2024-05-23 14:29:00.687 [info] > git reflog refs/heads/main --grep-reflog=branch: Created from *. [1ms]
2024-05-23 14:29:00.692 [info] > git symbolic-ref --short refs/remotes/origin/HEAD [1ms]
2024-05-23 14:29:00.692 [info] fatal: ref refs/remotes/origin/HEAD is not a symbolic ref
2024-05-23 14:29:00.692 [info] GitHistoryProvider:resolveHistoryItemGroupBase - Failed to resolve history item group base for 'refs/heads/main'
2024-05-23 14:29:00.692 [info] GitHistoryProvider:resolveHistoryItemGroupCommonAncestor - Failed to resolve history item group base for 'refs/heads/main'
2024-05-23 14:29:02.538 [info] > git for-each-ref --format=%(refname)%00%(upstream:short)%00%(objectname)%00%(upstream:track)%00%(upstream:remotename)%00%(upstream:remoteref) refs/heads/main [1ms]
2024-05-23 14:29:02.543 [info] > git for-each-ref --format=%(refname)%00%(upstream:short)%00%(objectname)%00%(upstream:track)%00%(upstream:remotename)%00%(upstream:remoteref) refs/heads/main [1ms]
2024-05-23 14:29:02.551 [info] > git config --local branch.main.vscode-merge-base [1ms]
2024-05-23 14:29:02.551 [warning] git config failed: Failed to execute git
2024-05-23 14:29:02.557 [info] > git reflog refs/heads/main --grep-reflog=branch: Created from *. [1ms]
2024-05-23 14:29:02.561 [info] > git symbolic-ref --short refs/remotes/origin/HEAD [0ms]
2024-05-23 14:29:02.561 [info] fatal: ref refs/remotes/origin/HEAD is not a symbolic ref
2024-05-23 14:29:02.561 [info] GitHistoryProvider:resolveHistoryItemGroupBase - Failed to resolve history item group base for 'refs/heads/main'
2024-05-23 14:29:02.561 [info] GitHistoryProvider:resolveHistoryItemGroupCommonAncestor - Failed to resolve history item group base for 'refs/heads/main'
2024-05-23 14:29:04.162 [info] > git for-each-ref --format=%(refname)%00%(upstream:short)%00%(objectname)%00%(upstream:track)%00%(upstream:remotename)%00%(upstream:remoteref) refs/heads/main [1ms]
2024-05-23 14:29:04.169 [info] > git for-each-ref --format=%(refname)%00%(upstream:short)%00%(objectname)%00%(upstream:track)%00%(upstream:remotename)%00%(upstream:remoteref) refs/heads/main [1ms]
2024-05-23 14:29:04.175 [info] > git config --local branch.main.vscode-merge-base [0ms]
2024-05-23 14:29:04.175 [warning] git config failed: Failed to execute git
2024-05-23 14:29:04.181 [info] > git reflog refs/heads/main --grep-reflog=branch: Created from *. [1ms]
2024-05-23 14:29:04.186 [info] > git symbolic-ref --short refs/remotes/origin/HEAD [1ms]
2024-05-23 14:29:04.186 [info] fatal: ref refs/remotes/origin/HEAD is not a symbolic ref
2024-05-23 14:29:04.186 [info] GitHistoryProvider:resolveHistoryItemGroupBase - Failed to resolve history item group base for 'refs/heads/main'
2024-05-23 14:29:04.186 [info] GitHistoryProvider:resolveHistoryItemGroupCommonAncestor - Failed to resolve history item group base for 'refs/heads/main'
2024-05-23 14:29:04.247 [info] > git for-each-ref --format=%(refname)%00%(upstream:short)%00%(objectname)%00%(upstream:track)%00%(upstream:remotename)%00%(upstream:remoteref) refs/heads/main [7ms]
2024-05-23 14:29:04.252 [info] > git config --get commit.template [6ms]
2024-05-23 14:29:04.252 [info] > git for-each-ref --format=%(refname)%00%(upstream:short)%00%(objectname)%00%(upstream:track)%00%(upstream:remotename)%00%(upstream:remoteref) refs/heads/main [1ms]
2024-05-23 14:29:04.260 [info] > git config --local branch.main.vscode-merge-base [3ms]
2024-05-23 14:29:04.260 [warning] git config failed: Failed to execute git
2024-05-23 14:29:04.264 [info] > git for-each-ref --format=%(refname)%00%(upstream:short)%00%(objectname)%00%(upstream:track)%00%(upstream:remotename)%00%(upstream:remoteref) refs/heads/main refs/remotes/main [5ms]
2024-05-23 14:29:04.269 [info] > git reflog refs/heads/main --grep-reflog=branch: Created from *. [6ms]
2024-05-23 14:29:04.273 [info] > git symbolic-ref --short refs/remotes/origin/HEAD [1ms]
2024-05-23 14:29:04.273 [info] fatal: ref refs/remotes/origin/HEAD is not a symbolic ref
2024-05-23 14:29:04.273 [info] GitHistoryProvider:resolveHistoryItemGroupBase - Failed to resolve history item group base for 'refs/heads/main'
2024-05-23 14:29:04.273 [info] GitHistoryProvider:resolveHistoryItemGroupCommonAncestor - Failed to resolve history item group base for 'refs/heads/main'
2024-05-23 14:29:04.276 [info] > git status -z -uall [8ms]
2024-05-23 14:29:05.251 [info] > git for-each-ref --format=%(refname)%00%(upstream:short)%00%(objectname)%00%(upstream:track)%00%(upstream:remotename)%00%(upstream:remoteref) refs/heads/main [1ms]
2024-05-23 14:29:05.256 [info] > git for-each-ref --format=%(refname)%00%(upstream:short)%00%(objectname)%00%(upstream:track)%00%(upstream:remotename)%00%(upstream:remoteref) refs/heads/main [1ms]
2024-05-23 14:29:05.261 [info] > git config --local branch.main.vscode-merge-base [1ms]
2024-05-23 14:29:05.261 [warning] git config failed: Failed to execute git
2024-05-23 14:29:05.268 [info] > git reflog refs/heads/main --grep-reflog=branch: Created from *. [1ms]
2024-05-23 14:29:05.272 [info] > git symbolic-ref --short refs/remotes/origin/HEAD [0ms]
2024-05-23 14:29:05.272 [info] fatal: ref refs/remotes/origin/HEAD is not a symbolic ref
2024-05-23 14:29:05.273 [info] GitHistoryProvider:resolveHistoryItemGroupBase - Failed to resolve history item group base for 'refs/heads/main'
2024-05-23 14:29:05.273 [info] GitHistoryProvider:resolveHistoryItemGroupCommonAncestor - Failed to resolve history item group base for 'refs/heads/main'
2024-05-23 14:29:12.972 [info] > git config --get commit.template [0ms]
2024-05-23 14:29:12.977 [info] > git for-each-ref --format=%(refname)%00%(upstream:short)%00%(objectname)%00%(upstream:track)%00%(upstream:remotename)%00%(upstream:remoteref) refs/heads/main refs/remotes/main [1ms]
2024-05-23 14:29:12.987 [info] > git status -z -uall [7ms]
