2024-05-23 16:35:41.378 [info] Extension host with pid 86757 started
2024-05-23 16:35:41.474 [info] ExtensionService#_doActivateExtension vscode.git-base, startup: true, activationEvent: '*', root cause: vscode.git
2024-05-23 16:35:41.670 [info] ExtensionService#_doActivateExtension vscode.git, startup: true, activationEvent: '*'
2024-05-23 16:35:41.671 [info] ExtensionService#_doActivateExtension vscode.github, startup: true, activationEvent: '*'
2024-05-23 16:35:42.103 [info] Eager extensions activated
2024-05-23 16:35:42.104 [info] ExtensionService#_doActivateExtension vscode.debug-auto-launch, startup: false, activationEvent: 'onStartupFinished'
2024-05-23 16:35:42.104 [info] ExtensionService#_doActivateExtension vscode.merge-conflict, startup: false, activationEvent: 'onStartupFinished'
2024-05-23 16:35:43.658 [info] Extension host terminating: received terminate message from renderer
2024-05-23 16:35:43.721 [error] ProxyResolver#addCertificatesV1 Canceled: Canceled
	at new O (/home/tenda/.vscode-server/bin/dc96b837cf6bb4af9cd736aa3af08cf8279f7685/out/vs/workbench/api/node/extensionHostProcess.js:145:47131)
	at c.U (/home/tenda/.vscode-server/bin/dc96b837cf6bb4af9cd736aa3af08cf8279f7685/out/vs/workbench/api/node/extensionHostProcess.js:152:5542)
	at F.<computed>.z.charCodeAt.F.<computed> (/home/tenda/.vscode-server/bin/dc96b837cf6bb4af9cd736aa3af08cf8279f7685/out/vs/workbench/api/node/extensionHostProcess.js:152:2993)
	at C.loadCertificates (/home/tenda/.vscode-server/bin/dc96b837cf6bb4af9cd736aa3af08cf8279f7685/out/vs/workbench/api/node/extensionHostProcess.js:158:41276)
	at Object.loadAdditionalCertificates (/home/tenda/.vscode-server/bin/dc96b837cf6bb4af9cd736aa3af08cf8279f7685/out/vs/workbench/api/node/extensionHostProcess.js:140:34340)
	at /home/tenda/.vscode-server/bin/dc96b837cf6bb4af9cd736aa3af08cf8279f7685/node_modules/@vscode/proxy-agent/out/index.js:475:53
	at Generator.next (<anonymous>)
	at /home/tenda/.vscode-server/bin/dc96b837cf6bb4af9cd736aa3af08cf8279f7685/node_modules/@vscode/proxy-agent/out/index.js:35:71
	at new Promise (<anonymous>)
	at __awaiter (/home/tenda/.vscode-server/bin/dc96b837cf6bb4af9cd736aa3af08cf8279f7685/node_modules/@vscode/proxy-agent/out/index.js:31:12)
	at /home/tenda/.vscode-server/bin/dc96b837cf6bb4af9cd736aa3af08cf8279f7685/node_modules/@vscode/proxy-agent/out/index.js:474:43
	at /home/tenda/.vscode-server/bin/dc96b837cf6bb4af9cd736aa3af08cf8279f7685/node_modules/@vscode/proxy-agent/out/index.js:476:16
	at Generator.next (<anonymous>)
	at /home/tenda/.vscode-server/bin/dc96b837cf6bb4af9cd736aa3af08cf8279f7685/node_modules/@vscode/proxy-agent/out/index.js:35:71
	at new Promise (<anonymous>)
	at __awaiter (/home/tenda/.vscode-server/bin/dc96b837cf6bb4af9cd736aa3af08cf8279f7685/node_modules/@vscode/proxy-agent/out/index.js:31:12)
	at getOrLoadAdditionalCertificates (/home/tenda/.vscode-server/bin/dc96b837cf6bb4af9cd736aa3af08cf8279f7685/node_modules/@vscode/proxy-agent/out/index.js:472:12)
	at addCertificatesV1 (/home/tenda/.vscode-server/bin/dc96b837cf6bb4af9cd736aa3af08cf8279f7685/node_modules/@vscode/proxy-agent/out/index.js:456:9)
	at resolveProxy (/home/tenda/.vscode-server/bin/dc96b837cf6bb4af9cd736aa3af08cf8279f7685/node_modules/@vscode/proxy-agent/out/index.js:112:9)
	at /home/tenda/.vscode-server/bin/dc96b837cf6bb4af9cd736aa3af08cf8279f7685/node_modules/@vscode/proxy-agent/out/index.js:303:77
	at new Promise (<anonymous>)
	at _PacProxyAgent.resolveP [as resolver] (/home/tenda/.vscode-server/bin/dc96b837cf6bb4af9cd736aa3af08cf8279f7685/node_modules/@vscode/proxy-agent/out/index.js:303:54)
	at _PacProxyAgent.<anonymous> (/home/tenda/.vscode-server/bin/dc96b837cf6bb4af9cd736aa3af08cf8279f7685/node_modules/@vscode/proxy-agent/out/agent.js:70:37)
	at Generator.next (<anonymous>)
	at /home/tenda/.vscode-server/bin/dc96b837cf6bb4af9cd736aa3af08cf8279f7685/node_modules/@vscode/proxy-agent/out/agent.js:8:71
	at new Promise (<anonymous>)
	at __awaiter (/home/tenda/.vscode-server/bin/dc96b837cf6bb4af9cd736aa3af08cf8279f7685/node_modules/@vscode/proxy-agent/out/agent.js:4:12)
	at _PacProxyAgent.connect (/home/tenda/.vscode-server/bin/dc96b837cf6bb4af9cd736aa3af08cf8279f7685/node_modules/@vscode/proxy-agent/out/agent.js:52:16)
	at /home/tenda/.vscode-server/bin/dc96b837cf6bb4af9cd736aa3af08cf8279f7685/node_modules/agent-base/dist/index.js:73:30
	at process.processTicksAndRejections (node:internal/process/task_queues:95:5)
2024-05-23 16:35:43.721 [info] Extension host with pid 86757 exiting with code 0
